<?xml version="1.0" encoding="UTF-8"?>
<!-- Generated by org.testng.reporters.JUnitXMLReporter -->
<testsuite ignored="0" hostname="Arannita" failures="0" tests="4" name="Default test(failed)" time="25.93" errors="0" timestamp="2023-04-07T15:01:05 EDT">
  <testcase classname="com.testngcode_2ndApr_2023.DataDriven" name="loginNinjaTest" time="9.662"/>
  <testcase classname="com.testngcode_2ndApr_2023.DataDriven" name="loginNinjaTest" time="5.33"/>
  <testcase classname="com.testngcode_2ndApr_2023.DataDriven" name="loginNinjaTest" time="5.359"/>
  <testcase classname="com.testngcode_2ndApr_2023.DataDriven" name="loginNinjaTest" time="5.55"/>
</testsuite> <!-- Default test(failed) -->
